/home/HONG/PointCloudSegmentation_with_Nonpaveload/install/inference/lib/python3.8/site-packages/inference/__init__.py
/home/HONG/PointCloudSegmentation_with_Nonpaveload/install/inference/lib/python3.8/site-packages/inference/config.py
/home/HONG/PointCloudSegmentation_with_Nonpaveload/install/inference/lib/python3.8/site-packages/inference/KNN.py
/home/HONG/PointCloudSegmentation_with_Nonpaveload/install/inference/lib/python3.8/site-packages/inference/pytorch_util.py
/home/HONG/PointCloudSegmentation_with_Nonpaveload/install/inference/lib/python3.8/site-packages/inference/inference.py
/home/HONG/PointCloudSegmentation_with_Nonpaveload/install/inference/lib/python3.8/site-packages/inference/SalsaNext.py
/home/HONG/PointCloudSegmentation_with_Nonpaveload/install/inference/lib/python3.8/site-packages/inference/data_parser.py
/home/HONG/PointCloudSegmentation_with_Nonpaveload/install/inference/lib/python3.8/site-packages/inference/LaserScan.py
/home/HONG/PointCloudSegmentation_with_Nonpaveload/install/inference/lib/python3.8/site-packages/inference/__pycache__/__init__.cpython-38.pyc
/home/HONG/PointCloudSegmentation_with_Nonpaveload/install/inference/lib/python3.8/site-packages/inference/__pycache__/config.cpython-38.pyc
/home/HONG/PointCloudSegmentation_with_Nonpaveload/install/inference/lib/python3.8/site-packages/inference/__pycache__/KNN.cpython-38.pyc
/home/HONG/PointCloudSegmentation_with_Nonpaveload/install/inference/lib/python3.8/site-packages/inference/__pycache__/pytorch_util.cpython-38.pyc
/home/HONG/PointCloudSegmentation_with_Nonpaveload/install/inference/lib/python3.8/site-packages/inference/__pycache__/inference.cpython-38.pyc
/home/HONG/PointCloudSegmentation_with_Nonpaveload/install/inference/lib/python3.8/site-packages/inference/__pycache__/SalsaNext.cpython-38.pyc
/home/HONG/PointCloudSegmentation_with_Nonpaveload/install/inference/lib/python3.8/site-packages/inference/__pycache__/data_parser.cpython-38.pyc
/home/HONG/PointCloudSegmentation_with_Nonpaveload/install/inference/lib/python3.8/site-packages/inference/__pycache__/LaserScan.cpython-38.pyc
/home/HONG/PointCloudSegmentation_with_Nonpaveload/install/inference/share/ament_index/resource_index/packages/inference
/home/HONG/PointCloudSegmentation_with_Nonpaveload/install/inference/share/inference/package.xml
/home/HONG/PointCloudSegmentation_with_Nonpaveload/install/inference/lib/python3.8/site-packages/inference-0.0.0-py3.8.egg-info/requires.txt
/home/HONG/PointCloudSegmentation_with_Nonpaveload/install/inference/lib/python3.8/site-packages/inference-0.0.0-py3.8.egg-info/zip-safe
/home/HONG/PointCloudSegmentation_with_Nonpaveload/install/inference/lib/python3.8/site-packages/inference-0.0.0-py3.8.egg-info/entry_points.txt
/home/HONG/PointCloudSegmentation_with_Nonpaveload/install/inference/lib/python3.8/site-packages/inference-0.0.0-py3.8.egg-info/top_level.txt
/home/HONG/PointCloudSegmentation_with_Nonpaveload/install/inference/lib/python3.8/site-packages/inference-0.0.0-py3.8.egg-info/dependency_links.txt
/home/HONG/PointCloudSegmentation_with_Nonpaveload/install/inference/lib/python3.8/site-packages/inference-0.0.0-py3.8.egg-info/SOURCES.txt
/home/HONG/PointCloudSegmentation_with_Nonpaveload/install/inference/lib/python3.8/site-packages/inference-0.0.0-py3.8.egg-info/PKG-INFO
/home/HONG/PointCloudSegmentation_with_Nonpaveload/install/inference/lib/inference/inference
