[0.266s] Invoking command in '/home/HONG/PointCloudSegmentation_with_Nonpaveload/inference': CONDA_PROMPT_MODIFIER=(base) PYTHONPATH=/home/HONG/PointCloudSegmentation_with_Nonpaveload/install/inference/lib/python3.8/site-packages:${PYTHONPATH} /root/anaconda3/bin/python setup.py egg_info --egg-base ../build/inference build --build-base /home/HONG/PointCloudSegmentation_with_Nonpaveload/build/inference/build install --prefix /home/HONG/PointCloudSegmentation_with_Nonpaveload/install/inference --record /home/HONG/PointCloudSegmentation_with_Nonpaveload/build/inference/install.log --single-version-externally-managed
[0.475s] /root/anaconda3/lib/python3.8/site-packages/setuptools/dist.py:697: UserWarning: Usage of dash-separated 'script-dir' will not be supported in future versions. Please use the underscore name 'script_dir' instead
[0.475s]   warnings.warn(
[0.475s] /root/anaconda3/lib/python3.8/site-packages/setuptools/dist.py:697: UserWarning: Usage of dash-separated 'install-scripts' will not be supported in future versions. Please use the underscore name 'install_scripts' instead
[0.475s]   warnings.warn(
[0.487s] running egg_info
[0.487s] writing ../build/inference/inference.egg-info/PKG-INFO
[0.487s] writing dependency_links to ../build/inference/inference.egg-info/dependency_links.txt
[0.487s] writing entry points to ../build/inference/inference.egg-info/entry_points.txt
[0.487s] writing requirements to ../build/inference/inference.egg-info/requires.txt
[0.487s] writing top-level names to ../build/inference/inference.egg-info/top_level.txt
[0.496s] reading manifest file '../build/inference/inference.egg-info/SOURCES.txt'
[0.497s] writing manifest file '../build/inference/inference.egg-info/SOURCES.txt'
[0.497s] running build
[0.497s] running build_py
[0.497s] running install
[0.497s] running install_lib
[0.498s] running install_data
[0.499s] running install_egg_info
[0.500s] removing '/home/HONG/PointCloudSegmentation_with_Nonpaveload/install/inference/lib/python3.8/site-packages/inference-0.0.0-py3.8.egg-info' (and everything under it)
[0.500s] Copying ../build/inference/inference.egg-info to /home/HONG/PointCloudSegmentation_with_Nonpaveload/install/inference/lib/python3.8/site-packages/inference-0.0.0-py3.8.egg-info
[0.500s] running install_scripts
[0.514s] Installing inference script to /home/HONG/PointCloudSegmentation_with_Nonpaveload/install/inference/lib/inference
[0.514s] writing list of installed files to '/home/HONG/PointCloudSegmentation_with_Nonpaveload/build/inference/install.log'
[0.532s] Invoked command in '/home/HONG/PointCloudSegmentation_with_Nonpaveload/inference' returned '0': CONDA_PROMPT_MODIFIER=(base) PYTHONPATH=/home/HONG/PointCloudSegmentation_with_Nonpaveload/install/inference/lib/python3.8/site-packages:${PYTHONPATH} /root/anaconda3/bin/python setup.py egg_info --egg-base ../build/inference build --build-base /home/HONG/PointCloudSegmentation_with_Nonpaveload/build/inference/build install --prefix /home/HONG/PointCloudSegmentation_with_Nonpaveload/install/inference --record /home/HONG/PointCloudSegmentation_with_Nonpaveload/build/inference/install.log --single-version-externally-managed
