[0.255s] Invoking command in '/home/HONG/PointCloudSegmentation_with_Nonpaveload/inference': CONDA_PROMPT_MODIFIER=(base) PYTHONPATH=/home/HONG/PointCloudSegmentation_with_Nonpaveload/install/inference/lib/python3.8/site-packages:${PYTHONPATH} /root/anaconda3/bin/python setup.py egg_info --egg-base ../build/inference build --build-base /home/HONG/PointCloudSegmentation_with_Nonpaveload/build/inference/build install --prefix /home/HONG/PointCloudSegmentation_with_Nonpaveload/install/inference --record /home/HONG/PointCloudSegmentation_with_Nonpaveload/build/inference/install.log --single-version-externally-managed
[0.459s] /root/anaconda3/lib/python3.8/site-packages/setuptools/dist.py:697: UserWarning: Usage of dash-separated 'script-dir' will not be supported in future versions. Please use the underscore name 'script_dir' instead
[0.459s]   warnings.warn(
[0.460s] /root/anaconda3/lib/python3.8/site-packages/setuptools/dist.py:697: UserWarning: Usage of dash-separated 'install-scripts' will not be supported in future versions. Please use the underscore name 'install_scripts' instead
[0.460s]   warnings.warn(
[0.471s] running egg_info
[0.471s] writing ../build/inference/inference.egg-info/PKG-INFO
[0.471s] writing dependency_links to ../build/inference/inference.egg-info/dependency_links.txt
[0.471s] writing entry points to ../build/inference/inference.egg-info/entry_points.txt
[0.471s] writing requirements to ../build/inference/inference.egg-info/requires.txt
[0.471s] writing top-level names to ../build/inference/inference.egg-info/top_level.txt
[0.480s] reading manifest file '../build/inference/inference.egg-info/SOURCES.txt'
[0.481s] writing manifest file '../build/inference/inference.egg-info/SOURCES.txt'
[0.481s] running build
[0.481s] running build_py
[0.481s] copying inference/inference.py -> /home/HONG/PointCloudSegmentation_with_Nonpaveload/build/inference/build/lib/inference
[0.481s] copying inference/data_parser.py -> /home/HONG/PointCloudSegmentation_with_Nonpaveload/build/inference/build/lib/inference
[0.481s] running install
[0.482s] running install_lib
[0.482s] copying /home/HONG/PointCloudSegmentation_with_Nonpaveload/build/inference/build/lib/inference/inference.py -> /home/HONG/PointCloudSegmentation_with_Nonpaveload/install/inference/lib/python3.8/site-packages/inference
[0.483s] copying /home/HONG/PointCloudSegmentation_with_Nonpaveload/build/inference/build/lib/inference/data_parser.py -> /home/HONG/PointCloudSegmentation_with_Nonpaveload/install/inference/lib/python3.8/site-packages/inference
[0.483s] byte-compiling /home/HONG/PointCloudSegmentation_with_Nonpaveload/install/inference/lib/python3.8/site-packages/inference/inference.py to inference.cpython-38.pyc
[0.485s] byte-compiling /home/HONG/PointCloudSegmentation_with_Nonpaveload/install/inference/lib/python3.8/site-packages/inference/data_parser.py to data_parser.cpython-38.pyc
[0.486s] running install_data
[0.486s] running install_egg_info
[0.487s] removing '/home/HONG/PointCloudSegmentation_with_Nonpaveload/install/inference/lib/python3.8/site-packages/inference-0.0.0-py3.8.egg-info' (and everything under it)
[0.488s] Copying ../build/inference/inference.egg-info to /home/HONG/PointCloudSegmentation_with_Nonpaveload/install/inference/lib/python3.8/site-packages/inference-0.0.0-py3.8.egg-info
[0.488s] running install_scripts
[0.501s] Installing inference script to /home/HONG/PointCloudSegmentation_with_Nonpaveload/install/inference/lib/inference
[0.502s] writing list of installed files to '/home/HONG/PointCloudSegmentation_with_Nonpaveload/build/inference/install.log'
[0.521s] Invoked command in '/home/HONG/PointCloudSegmentation_with_Nonpaveload/inference' returned '0': CONDA_PROMPT_MODIFIER=(base) PYTHONPATH=/home/HONG/PointCloudSegmentation_with_Nonpaveload/install/inference/lib/python3.8/site-packages:${PYTHONPATH} /root/anaconda3/bin/python setup.py egg_info --egg-base ../build/inference build --build-base /home/HONG/PointCloudSegmentation_with_Nonpaveload/build/inference/build install --prefix /home/HONG/PointCloudSegmentation_with_Nonpaveload/install/inference --record /home/HONG/PointCloudSegmentation_with_Nonpaveload/build/inference/install.log --single-version-externally-managed
