[0.456s] DEBUG:colcon:Command line arguments: ['/root/anaconda3/bin/colcon', 'build']
[0.456s] DEBUG:colcon:Parsed command line arguments: Namespace(ament_cmake_args=None, base_paths=['.'], build_base='build', catkin_cmake_args=None, catkin_skip_building_tests=False, cmake_args=None, cmake_clean_cache=False, cmake_clean_first=False, cmake_force_configure=False, cmake_target=None, cmake_target_skip_unavailable=False, continue_on_error=False, event_handlers=None, executor='parallel', ignore_user_meta=False, install_base='install', log_base=None, log_level=None, main=<bound method BuildVerb.main of <colcon_core.verb.build.BuildVerb object at 0x7fd918fb5a90>>, merge_install=False, metas=['./colcon.meta'], packages_above=None, packages_above_and_dependencies=None, packages_above_depth=None, packages_end=None, packages_ignore=None, packages_ignore_regex=None, packages_select=None, packages_select_build_failed=False, packages_select_by_dep=None, packages_select_regex=None, packages_select_test_failures=False, packages_skip=None, packages_skip_build_finished=False, packages_skip_by_dep=None, packages_skip_regex=None, packages_skip_test_passed=False, packages_skip_up_to=None, packages_start=None, packages_up_to=None, packages_up_to_regex=None, parallel_workers=16, paths=None, symlink_install=False, test_result_base=None, verb_extension=<colcon_core.verb.build.BuildVerb object at 0x7fd918fb5a90>, verb_name='build', verb_parser=<colcon_defaults.argument_parser.defaults.DefaultArgumentsDecorator object at 0x7fd918fc1040>)
[0.469s] Level 1:colcon.colcon_core.package_discovery:discover_packages(colcon_meta) check parameters
[0.469s] Level 1:colcon.colcon_core.package_discovery:discover_packages(recursive) check parameters
[0.469s] Level 1:colcon.colcon_core.package_discovery:discover_packages(ignore) check parameters
[0.469s] Level 1:colcon.colcon_core.package_discovery:discover_packages(path) check parameters
[0.469s] Level 1:colcon.colcon_core.package_discovery:discover_packages(colcon_meta) discover
[0.469s] Level 1:colcon.colcon_core.package_discovery:discover_packages(recursive) discover
[0.469s] INFO:colcon.colcon_core.package_discovery:Crawling recursively for packages in '/home/HONG/PointCloudSegmentation_with_Nonpaveload'
[0.469s] Level 1:colcon.colcon_core.package_identification:_identify(.) by extensions ['ignore', 'ignore_ament_install']
[0.469s] Level 1:colcon.colcon_core.package_identification:_identify(.) by extension 'ignore'
[0.469s] Level 1:colcon.colcon_core.package_identification:_identify(.) by extension 'ignore_ament_install'
[0.469s] Level 1:colcon.colcon_core.package_identification:_identify(.) by extensions ['colcon_pkg']
[0.469s] Level 1:colcon.colcon_core.package_identification:_identify(.) by extension 'colcon_pkg'
[0.469s] Level 1:colcon.colcon_core.package_identification:_identify(.) by extensions ['colcon_meta']
[0.469s] Level 1:colcon.colcon_core.package_identification:_identify(.) by extension 'colcon_meta'
[0.469s] Level 1:colcon.colcon_core.package_identification:_identify(.) by extensions ['ros']
[0.470s] Level 1:colcon.colcon_core.package_identification:_identify(.) by extension 'ros'
[0.479s] Level 1:colcon.colcon_core.package_identification:_identify(.) by extensions ['cmake', 'python']
[0.479s] Level 1:colcon.colcon_core.package_identification:_identify(.) by extension 'cmake'
[0.479s] Level 1:colcon.colcon_core.package_identification:_identify(.) by extension 'python'
[0.479s] Level 1:colcon.colcon_core.package_identification:_identify(.) by extensions ['python_setup_py']
[0.479s] Level 1:colcon.colcon_core.package_identification:_identify(.) by extension 'python_setup_py'
[0.479s] Level 1:colcon.colcon_core.package_identification:_identify(DataManagement) by extensions ['ignore', 'ignore_ament_install']
[0.479s] Level 1:colcon.colcon_core.package_identification:_identify(DataManagement) by extension 'ignore'
[0.479s] Level 1:colcon.colcon_core.package_identification:_identify(DataManagement) by extension 'ignore_ament_install'
[0.480s] Level 1:colcon.colcon_core.package_identification:_identify(DataManagement) by extensions ['colcon_pkg']
[0.480s] Level 1:colcon.colcon_core.package_identification:_identify(DataManagement) by extension 'colcon_pkg'
[0.480s] Level 1:colcon.colcon_core.package_identification:_identify(DataManagement) by extensions ['colcon_meta']
[0.480s] Level 1:colcon.colcon_core.package_identification:_identify(DataManagement) by extension 'colcon_meta'
[0.480s] Level 1:colcon.colcon_core.package_identification:_identify(DataManagement) by extensions ['ros']
[0.480s] Level 1:colcon.colcon_core.package_identification:_identify(DataManagement) by extension 'ros'
[0.480s] Level 1:colcon.colcon_core.package_identification:_identify(DataManagement) by extensions ['cmake', 'python']
[0.480s] Level 1:colcon.colcon_core.package_identification:_identify(DataManagement) by extension 'cmake'
[0.480s] Level 1:colcon.colcon_core.package_identification:_identify(DataManagement) by extension 'python'
[0.480s] Level 1:colcon.colcon_core.package_identification:_identify(DataManagement) by extensions ['python_setup_py']
[0.480s] Level 1:colcon.colcon_core.package_identification:_identify(DataManagement) by extension 'python_setup_py'
[0.480s] Level 1:colcon.colcon_core.package_identification:_identify(DataManagement/__pycache__) by extensions ['ignore', 'ignore_ament_install']
[0.480s] Level 1:colcon.colcon_core.package_identification:_identify(DataManagement/__pycache__) by extension 'ignore'
[0.480s] Level 1:colcon.colcon_core.package_identification:_identify(DataManagement/__pycache__) by extension 'ignore_ament_install'
[0.480s] Level 1:colcon.colcon_core.package_identification:_identify(DataManagement/__pycache__) by extensions ['colcon_pkg']
[0.480s] Level 1:colcon.colcon_core.package_identification:_identify(DataManagement/__pycache__) by extension 'colcon_pkg'
[0.480s] Level 1:colcon.colcon_core.package_identification:_identify(DataManagement/__pycache__) by extensions ['colcon_meta']
[0.480s] Level 1:colcon.colcon_core.package_identification:_identify(DataManagement/__pycache__) by extension 'colcon_meta'
[0.480s] Level 1:colcon.colcon_core.package_identification:_identify(DataManagement/__pycache__) by extensions ['ros']
[0.480s] Level 1:colcon.colcon_core.package_identification:_identify(DataManagement/__pycache__) by extension 'ros'
[0.480s] Level 1:colcon.colcon_core.package_identification:_identify(DataManagement/__pycache__) by extensions ['cmake', 'python']
[0.480s] Level 1:colcon.colcon_core.package_identification:_identify(DataManagement/__pycache__) by extension 'cmake'
[0.480s] Level 1:colcon.colcon_core.package_identification:_identify(DataManagement/__pycache__) by extension 'python'
[0.480s] Level 1:colcon.colcon_core.package_identification:_identify(DataManagement/__pycache__) by extensions ['python_setup_py']
[0.480s] Level 1:colcon.colcon_core.package_identification:_identify(DataManagement/__pycache__) by extension 'python_setup_py'
[0.480s] Level 1:colcon.colcon_core.package_identification:_identify(ModelManagement) by extensions ['ignore', 'ignore_ament_install']
[0.480s] Level 1:colcon.colcon_core.package_identification:_identify(ModelManagement) by extension 'ignore'
[0.480s] Level 1:colcon.colcon_core.package_identification:_identify(ModelManagement) by extension 'ignore_ament_install'
[0.481s] Level 1:colcon.colcon_core.package_identification:_identify(ModelManagement) by extensions ['colcon_pkg']
[0.481s] Level 1:colcon.colcon_core.package_identification:_identify(ModelManagement) by extension 'colcon_pkg'
[0.481s] Level 1:colcon.colcon_core.package_identification:_identify(ModelManagement) by extensions ['colcon_meta']
[0.481s] Level 1:colcon.colcon_core.package_identification:_identify(ModelManagement) by extension 'colcon_meta'
[0.481s] Level 1:colcon.colcon_core.package_identification:_identify(ModelManagement) by extensions ['ros']
[0.481s] Level 1:colcon.colcon_core.package_identification:_identify(ModelManagement) by extension 'ros'
[0.481s] Level 1:colcon.colcon_core.package_identification:_identify(ModelManagement) by extensions ['cmake', 'python']
[0.481s] Level 1:colcon.colcon_core.package_identification:_identify(ModelManagement) by extension 'cmake'
[0.481s] Level 1:colcon.colcon_core.package_identification:_identify(ModelManagement) by extension 'python'
[0.481s] Level 1:colcon.colcon_core.package_identification:_identify(ModelManagement) by extensions ['python_setup_py']
[0.481s] Level 1:colcon.colcon_core.package_identification:_identify(ModelManagement) by extension 'python_setup_py'
[0.481s] Level 1:colcon.colcon_core.package_identification:_identify(ModelManagement/PytorchModel) by extensions ['ignore', 'ignore_ament_install']
[0.481s] Level 1:colcon.colcon_core.package_identification:_identify(ModelManagement/PytorchModel) by extension 'ignore'
[0.481s] Level 1:colcon.colcon_core.package_identification:_identify(ModelManagement/PytorchModel) by extension 'ignore_ament_install'
[0.481s] Level 1:colcon.colcon_core.package_identification:_identify(ModelManagement/PytorchModel) by extensions ['colcon_pkg']
[0.481s] Level 1:colcon.colcon_core.package_identification:_identify(ModelManagement/PytorchModel) by extension 'colcon_pkg'
[0.481s] Level 1:colcon.colcon_core.package_identification:_identify(ModelManagement/PytorchModel) by extensions ['colcon_meta']
[0.481s] Level 1:colcon.colcon_core.package_identification:_identify(ModelManagement/PytorchModel) by extension 'colcon_meta'
[0.481s] Level 1:colcon.colcon_core.package_identification:_identify(ModelManagement/PytorchModel) by extensions ['ros']
[0.481s] Level 1:colcon.colcon_core.package_identification:_identify(ModelManagement/PytorchModel) by extension 'ros'
[0.481s] Level 1:colcon.colcon_core.package_identification:_identify(ModelManagement/PytorchModel) by extensions ['cmake', 'python']
[0.481s] Level 1:colcon.colcon_core.package_identification:_identify(ModelManagement/PytorchModel) by extension 'cmake'
[0.481s] Level 1:colcon.colcon_core.package_identification:_identify(ModelManagement/PytorchModel) by extension 'python'
[0.481s] Level 1:colcon.colcon_core.package_identification:_identify(ModelManagement/PytorchModel) by extensions ['python_setup_py']
[0.481s] Level 1:colcon.colcon_core.package_identification:_identify(ModelManagement/PytorchModel) by extension 'python_setup_py'
[0.481s] Level 1:colcon.colcon_core.package_identification:_identify(ModelManagement/PytorchModel/__pycache__) by extensions ['ignore', 'ignore_ament_install']
[0.481s] Level 1:colcon.colcon_core.package_identification:_identify(ModelManagement/PytorchModel/__pycache__) by extension 'ignore'
[0.481s] Level 1:colcon.colcon_core.package_identification:_identify(ModelManagement/PytorchModel/__pycache__) by extension 'ignore_ament_install'
[0.481s] Level 1:colcon.colcon_core.package_identification:_identify(ModelManagement/PytorchModel/__pycache__) by extensions ['colcon_pkg']
[0.482s] Level 1:colcon.colcon_core.package_identification:_identify(ModelManagement/PytorchModel/__pycache__) by extension 'colcon_pkg'
[0.482s] Level 1:colcon.colcon_core.package_identification:_identify(ModelManagement/PytorchModel/__pycache__) by extensions ['colcon_meta']
[0.482s] Level 1:colcon.colcon_core.package_identification:_identify(ModelManagement/PytorchModel/__pycache__) by extension 'colcon_meta'
[0.482s] Level 1:colcon.colcon_core.package_identification:_identify(ModelManagement/PytorchModel/__pycache__) by extensions ['ros']
[0.482s] Level 1:colcon.colcon_core.package_identification:_identify(ModelManagement/PytorchModel/__pycache__) by extension 'ros'
[0.482s] Level 1:colcon.colcon_core.package_identification:_identify(ModelManagement/PytorchModel/__pycache__) by extensions ['cmake', 'python']
[0.482s] Level 1:colcon.colcon_core.package_identification:_identify(ModelManagement/PytorchModel/__pycache__) by extension 'cmake'
[0.482s] Level 1:colcon.colcon_core.package_identification:_identify(ModelManagement/PytorchModel/__pycache__) by extension 'python'
[0.482s] Level 1:colcon.colcon_core.package_identification:_identify(ModelManagement/PytorchModel/__pycache__) by extensions ['python_setup_py']
[0.482s] Level 1:colcon.colcon_core.package_identification:_identify(ModelManagement/PytorchModel/__pycache__) by extension 'python_setup_py'
[0.482s] Level 1:colcon.colcon_core.package_identification:_identify(ModelManagement/__pycache__) by extensions ['ignore', 'ignore_ament_install']
[0.482s] Level 1:colcon.colcon_core.package_identification:_identify(ModelManagement/__pycache__) by extension 'ignore'
[0.482s] Level 1:colcon.colcon_core.package_identification:_identify(ModelManagement/__pycache__) by extension 'ignore_ament_install'
[0.482s] Level 1:colcon.colcon_core.package_identification:_identify(ModelManagement/__pycache__) by extensions ['colcon_pkg']
[0.482s] Level 1:colcon.colcon_core.package_identification:_identify(ModelManagement/__pycache__) by extension 'colcon_pkg'
[0.482s] Level 1:colcon.colcon_core.package_identification:_identify(ModelManagement/__pycache__) by extensions ['colcon_meta']
[0.482s] Level 1:colcon.colcon_core.package_identification:_identify(ModelManagement/__pycache__) by extension 'colcon_meta'
[0.482s] Level 1:colcon.colcon_core.package_identification:_identify(ModelManagement/__pycache__) by extensions ['ros']
[0.482s] Level 1:colcon.colcon_core.package_identification:_identify(ModelManagement/__pycache__) by extension 'ros'
[0.482s] Level 1:colcon.colcon_core.package_identification:_identify(ModelManagement/__pycache__) by extensions ['cmake', 'python']
[0.482s] Level 1:colcon.colcon_core.package_identification:_identify(ModelManagement/__pycache__) by extension 'cmake'
[0.482s] Level 1:colcon.colcon_core.package_identification:_identify(ModelManagement/__pycache__) by extension 'python'
[0.482s] Level 1:colcon.colcon_core.package_identification:_identify(ModelManagement/__pycache__) by extensions ['python_setup_py']
[0.482s] Level 1:colcon.colcon_core.package_identification:_identify(ModelManagement/__pycache__) by extension 'python_setup_py'
[0.482s] Level 1:colcon.colcon_core.package_identification:_identify(UtilityManagement) by extensions ['ignore', 'ignore_ament_install']
[0.482s] Level 1:colcon.colcon_core.package_identification:_identify(UtilityManagement) by extension 'ignore'
[0.482s] Level 1:colcon.colcon_core.package_identification:_identify(UtilityManagement) by extension 'ignore_ament_install'
[0.482s] Level 1:colcon.colcon_core.package_identification:_identify(UtilityManagement) by extensions ['colcon_pkg']
[0.482s] Level 1:colcon.colcon_core.package_identification:_identify(UtilityManagement) by extension 'colcon_pkg'
[0.483s] Level 1:colcon.colcon_core.package_identification:_identify(UtilityManagement) by extensions ['colcon_meta']
[0.483s] Level 1:colcon.colcon_core.package_identification:_identify(UtilityManagement) by extension 'colcon_meta'
[0.483s] Level 1:colcon.colcon_core.package_identification:_identify(UtilityManagement) by extensions ['ros']
[0.483s] Level 1:colcon.colcon_core.package_identification:_identify(UtilityManagement) by extension 'ros'
[0.483s] Level 1:colcon.colcon_core.package_identification:_identify(UtilityManagement) by extensions ['cmake', 'python']
[0.483s] Level 1:colcon.colcon_core.package_identification:_identify(UtilityManagement) by extension 'cmake'
[0.483s] Level 1:colcon.colcon_core.package_identification:_identify(UtilityManagement) by extension 'python'
[0.483s] Level 1:colcon.colcon_core.package_identification:_identify(UtilityManagement) by extensions ['python_setup_py']
[0.483s] Level 1:colcon.colcon_core.package_identification:_identify(UtilityManagement) by extension 'python_setup_py'
[0.483s] Level 1:colcon.colcon_core.package_identification:_identify(UtilityManagement/__pycache__) by extensions ['ignore', 'ignore_ament_install']
[0.483s] Level 1:colcon.colcon_core.package_identification:_identify(UtilityManagement/__pycache__) by extension 'ignore'
[0.483s] Level 1:colcon.colcon_core.package_identification:_identify(UtilityManagement/__pycache__) by extension 'ignore_ament_install'
[0.483s] Level 1:colcon.colcon_core.package_identification:_identify(UtilityManagement/__pycache__) by extensions ['colcon_pkg']
[0.483s] Level 1:colcon.colcon_core.package_identification:_identify(UtilityManagement/__pycache__) by extension 'colcon_pkg'
[0.483s] Level 1:colcon.colcon_core.package_identification:_identify(UtilityManagement/__pycache__) by extensions ['colcon_meta']
[0.483s] Level 1:colcon.colcon_core.package_identification:_identify(UtilityManagement/__pycache__) by extension 'colcon_meta'
[0.483s] Level 1:colcon.colcon_core.package_identification:_identify(UtilityManagement/__pycache__) by extensions ['ros']
[0.483s] Level 1:colcon.colcon_core.package_identification:_identify(UtilityManagement/__pycache__) by extension 'ros'
[0.483s] Level 1:colcon.colcon_core.package_identification:_identify(UtilityManagement/__pycache__) by extensions ['cmake', 'python']
[0.483s] Level 1:colcon.colcon_core.package_identification:_identify(UtilityManagement/__pycache__) by extension 'cmake'
[0.483s] Level 1:colcon.colcon_core.package_identification:_identify(UtilityManagement/__pycache__) by extension 'python'
[0.483s] Level 1:colcon.colcon_core.package_identification:_identify(UtilityManagement/__pycache__) by extensions ['python_setup_py']
[0.483s] Level 1:colcon.colcon_core.package_identification:_identify(UtilityManagement/__pycache__) by extension 'python_setup_py'
[0.483s] Level 1:colcon.colcon_core.package_identification:_identify(UtilityManagement/parser) by extensions ['ignore', 'ignore_ament_install']
[0.483s] Level 1:colcon.colcon_core.package_identification:_identify(UtilityManagement/parser) by extension 'ignore'
[0.483s] Level 1:colcon.colcon_core.package_identification:_identify(UtilityManagement/parser) by extension 'ignore_ament_install'
[0.483s] Level 1:colcon.colcon_core.package_identification:_identify(UtilityManagement/parser) by extensions ['colcon_pkg']
[0.483s] Level 1:colcon.colcon_core.package_identification:_identify(UtilityManagement/parser) by extension 'colcon_pkg'
[0.483s] Level 1:colcon.colcon_core.package_identification:_identify(UtilityManagement/parser) by extensions ['colcon_meta']
[0.483s] Level 1:colcon.colcon_core.package_identification:_identify(UtilityManagement/parser) by extension 'colcon_meta'
[0.484s] Level 1:colcon.colcon_core.package_identification:_identify(UtilityManagement/parser) by extensions ['ros']
[0.484s] Level 1:colcon.colcon_core.package_identification:_identify(UtilityManagement/parser) by extension 'ros'
[0.484s] Level 1:colcon.colcon_core.package_identification:_identify(UtilityManagement/parser) by extensions ['cmake', 'python']
[0.484s] Level 1:colcon.colcon_core.package_identification:_identify(UtilityManagement/parser) by extension 'cmake'
[0.484s] Level 1:colcon.colcon_core.package_identification:_identify(UtilityManagement/parser) by extension 'python'
[0.484s] Level 1:colcon.colcon_core.package_identification:_identify(UtilityManagement/parser) by extensions ['python_setup_py']
[0.484s] Level 1:colcon.colcon_core.package_identification:_identify(UtilityManagement/parser) by extension 'python_setup_py'
[0.484s] Level 1:colcon.colcon_core.package_identification:_identify(build) by extensions ['ignore', 'ignore_ament_install']
[0.484s] Level 1:colcon.colcon_core.package_identification:_identify(build) by extension 'ignore'
[0.484s] Level 1:colcon.colcon_core.package_identification:_identify(build) ignored
[0.484s] Level 1:colcon.colcon_core.package_identification:_identify(inference) by extensions ['ignore', 'ignore_ament_install']
[0.484s] Level 1:colcon.colcon_core.package_identification:_identify(inference) by extension 'ignore'
[0.484s] Level 1:colcon.colcon_core.package_identification:_identify(inference) by extension 'ignore_ament_install'
[0.484s] Level 1:colcon.colcon_core.package_identification:_identify(inference) by extensions ['colcon_pkg']
[0.484s] Level 1:colcon.colcon_core.package_identification:_identify(inference) by extension 'colcon_pkg'
[0.484s] Level 1:colcon.colcon_core.package_identification:_identify(inference) by extensions ['colcon_meta']
[0.484s] Level 1:colcon.colcon_core.package_identification:_identify(inference) by extension 'colcon_meta'
[0.484s] Level 1:colcon.colcon_core.package_identification:_identify(inference) by extensions ['ros']
[0.484s] Level 1:colcon.colcon_core.package_identification:_identify(inference) by extension 'ros'
[0.486s] DEBUG:colcon.colcon_core.package_identification:Package 'inference' with type 'ros.ament_python' and name 'inference'
[0.486s] Level 1:colcon.colcon_core.package_identification:_identify(install) by extensions ['ignore', 'ignore_ament_install']
[0.486s] Level 1:colcon.colcon_core.package_identification:_identify(install) by extension 'ignore'
[0.486s] Level 1:colcon.colcon_core.package_identification:_identify(install) ignored
[0.486s] Level 1:colcon.colcon_core.package_identification:_identify(log) by extensions ['ignore', 'ignore_ament_install']
[0.486s] Level 1:colcon.colcon_core.package_identification:_identify(log) by extension 'ignore'
[0.486s] Level 1:colcon.colcon_core.package_identification:_identify(log) ignored
[0.486s] Level 1:colcon.colcon_core.package_discovery:discover_packages(recursive) using defaults
[0.486s] Level 1:colcon.colcon_core.package_discovery:discover_packages(ignore) discover
[0.486s] Level 1:colcon.colcon_core.package_discovery:discover_packages(ignore) using defaults
[0.486s] Level 1:colcon.colcon_core.package_discovery:discover_packages(path) discover
[0.486s] Level 1:colcon.colcon_core.package_discovery:discover_packages(path) using defaults
[0.521s] Level 5:colcon.colcon_core.verb:set package 'inference' build argument 'cmake_args' from command line to 'None'
[0.521s] Level 5:colcon.colcon_core.verb:set package 'inference' build argument 'cmake_target' from command line to 'None'
[0.521s] Level 5:colcon.colcon_core.verb:set package 'inference' build argument 'cmake_target_skip_unavailable' from command line to 'False'
[0.521s] Level 5:colcon.colcon_core.verb:set package 'inference' build argument 'cmake_clean_cache' from command line to 'False'
[0.521s] Level 5:colcon.colcon_core.verb:set package 'inference' build argument 'cmake_clean_first' from command line to 'False'
[0.521s] Level 5:colcon.colcon_core.verb:set package 'inference' build argument 'cmake_force_configure' from command line to 'False'
[0.521s] Level 5:colcon.colcon_core.verb:set package 'inference' build argument 'ament_cmake_args' from command line to 'None'
[0.521s] Level 5:colcon.colcon_core.verb:set package 'inference' build argument 'catkin_cmake_args' from command line to 'None'
[0.521s] Level 5:colcon.colcon_core.verb:set package 'inference' build argument 'catkin_skip_building_tests' from command line to 'False'
[0.521s] DEBUG:colcon.colcon_core.verb:Building package 'inference' with the following arguments: {'ament_cmake_args': None, 'build_base': '/home/HONG/PointCloudSegmentation_with_Nonpaveload/build/inference', 'catkin_cmake_args': None, 'catkin_skip_building_tests': False, 'cmake_args': None, 'cmake_clean_cache': False, 'cmake_clean_first': False, 'cmake_force_configure': False, 'cmake_target': None, 'cmake_target_skip_unavailable': False, 'install_base': '/home/HONG/PointCloudSegmentation_with_Nonpaveload/install/inference', 'merge_install': False, 'path': '/home/HONG/PointCloudSegmentation_with_Nonpaveload/inference', 'symlink_install': False, 'test_result_base': None}
[0.523s] INFO:colcon.colcon_core.executor:Executing jobs using 'parallel' executor
[0.534s] DEBUG:colcon.colcon_parallel_executor.executor.parallel:run_until_complete
[0.535s] INFO:colcon.colcon_ros.task.ament_python.build:Building ROS package in '/home/HONG/PointCloudSegmentation_with_Nonpaveload/inference' with build type 'ament_python'
[0.535s] Level 1:colcon.colcon_core.shell:create_environment_hook('inference', 'ament_prefix_path')
[0.543s] INFO:colcon.colcon_core.plugin_system:Skipping extension 'colcon_core.shell.bat': Not used on non-Windows systems
[0.543s] INFO:colcon.colcon_core.shell:Creating environment hook '/home/HONG/PointCloudSegmentation_with_Nonpaveload/install/inference/share/inference/hook/ament_prefix_path.ps1'
[0.543s] INFO:colcon.colcon_core.shell:Creating environment descriptor '/home/HONG/PointCloudSegmentation_with_Nonpaveload/install/inference/share/inference/hook/ament_prefix_path.dsv'
[0.544s] INFO:colcon.colcon_core.shell:Creating environment hook '/home/HONG/PointCloudSegmentation_with_Nonpaveload/install/inference/share/inference/hook/ament_prefix_path.sh'
[0.548s] INFO:colcon.colcon_core.shell:Skip shell extension 'powershell' for command environment: Not usable outside of PowerShell
[0.548s] DEBUG:colcon.colcon_core.shell:Skip shell extension 'dsv' for command environment
[0.553s] DEBUG:colcon.colcon_core.shell:Ignoring prefix path '/opt/ros/foxy'
[0.800s] INFO:colcon.colcon_core.task.python.build:Building Python package in '/home/HONG/PointCloudSegmentation_with_Nonpaveload/inference'
[0.805s] INFO:colcon.colcon_core.shell:Skip shell extension 'powershell' for command environment: Not usable outside of PowerShell
[0.805s] DEBUG:colcon.colcon_core.shell:Skip shell extension 'dsv' for command environment
[0.809s] DEBUG:colcon.colcon_core.shell:Ignoring prefix path '/opt/ros/foxy'
[0.816s] DEBUG:colcon.colcon_core.event_handler.log_command:Invoking command in '/home/HONG/PointCloudSegmentation_with_Nonpaveload/inference': CONDA_PROMPT_MODIFIER=(base) PYTHONPATH=/home/HONG/PointCloudSegmentation_with_Nonpaveload/install/inference/lib/python3.8/site-packages:${PYTHONPATH} /root/anaconda3/bin/python setup.py egg_info --egg-base ../build/inference build --build-base /home/HONG/PointCloudSegmentation_with_Nonpaveload/build/inference/build install --prefix /home/HONG/PointCloudSegmentation_with_Nonpaveload/install/inference --record /home/HONG/PointCloudSegmentation_with_Nonpaveload/build/inference/install.log --single-version-externally-managed
[1.100s] DEBUG:colcon.colcon_core.event_handler.log_command:Invoked command in '/home/HONG/PointCloudSegmentation_with_Nonpaveload/inference' returned '0': CONDA_PROMPT_MODIFIER=(base) PYTHONPATH=/home/HONG/PointCloudSegmentation_with_Nonpaveload/install/inference/lib/python3.8/site-packages:${PYTHONPATH} /root/anaconda3/bin/python setup.py egg_info --egg-base ../build/inference build --build-base /home/HONG/PointCloudSegmentation_with_Nonpaveload/build/inference/build install --prefix /home/HONG/PointCloudSegmentation_with_Nonpaveload/install/inference --record /home/HONG/PointCloudSegmentation_with_Nonpaveload/build/inference/install.log --single-version-externally-managed
[1.106s] Level 1:colcon.colcon_core.environment:checking '/home/HONG/PointCloudSegmentation_with_Nonpaveload/install/inference' for CMake module files
[1.106s] Level 1:colcon.colcon_core.environment:checking '/home/HONG/PointCloudSegmentation_with_Nonpaveload/install/inference' for CMake config files
[1.107s] Level 1:colcon.colcon_core.environment:checking '/home/HONG/PointCloudSegmentation_with_Nonpaveload/install/inference/lib'
[1.107s] Level 1:colcon.colcon_core.environment:checking '/home/HONG/PointCloudSegmentation_with_Nonpaveload/install/inference/bin'
[1.107s] Level 1:colcon.colcon_core.environment:checking '/home/HONG/PointCloudSegmentation_with_Nonpaveload/install/inference/lib/pkgconfig/inference.pc'
[1.107s] Level 1:colcon.colcon_core.environment:checking '/home/HONG/PointCloudSegmentation_with_Nonpaveload/install/inference/lib/python3.8/site-packages'
[1.107s] Level 1:colcon.colcon_core.shell:create_environment_hook('inference', 'pythonpath')
[1.111s] INFO:colcon.colcon_core.shell:Creating environment hook '/home/HONG/PointCloudSegmentation_with_Nonpaveload/install/inference/share/inference/hook/pythonpath.ps1'
[1.112s] INFO:colcon.colcon_core.shell:Creating environment descriptor '/home/HONG/PointCloudSegmentation_with_Nonpaveload/install/inference/share/inference/hook/pythonpath.dsv'
[1.112s] INFO:colcon.colcon_core.shell:Creating environment hook '/home/HONG/PointCloudSegmentation_with_Nonpaveload/install/inference/share/inference/hook/pythonpath.sh'
[1.112s] Level 1:colcon.colcon_core.environment:create_environment_scripts_only(inference)
[1.117s] INFO:colcon.colcon_core.shell:Creating package script '/home/HONG/PointCloudSegmentation_with_Nonpaveload/install/inference/share/inference/package.ps1'
[1.118s] INFO:colcon.colcon_core.shell:Creating package descriptor '/home/HONG/PointCloudSegmentation_with_Nonpaveload/install/inference/share/inference/package.dsv'
[1.118s] INFO:colcon.colcon_core.shell:Creating package script '/home/HONG/PointCloudSegmentation_with_Nonpaveload/install/inference/share/inference/package.sh'
[1.118s] INFO:colcon.colcon_core.shell:Creating package script '/home/HONG/PointCloudSegmentation_with_Nonpaveload/install/inference/share/inference/package.bash'
[1.119s] INFO:colcon.colcon_core.shell:Creating package script '/home/HONG/PointCloudSegmentation_with_Nonpaveload/install/inference/share/inference/package.zsh'
[1.119s] Level 1:colcon.colcon_core.environment:create_file_with_runtime_dependencies(/home/HONG/PointCloudSegmentation_with_Nonpaveload/install/inference/share/colcon-core/packages/inference)
[1.120s] DEBUG:colcon.colcon_parallel_executor.executor.parallel:closing loop
[1.120s] DEBUG:colcon.colcon_parallel_executor.executor.parallel:loop closed
[1.120s] DEBUG:colcon.colcon_parallel_executor.executor.parallel:run_until_complete finished with '0'
[1.120s] DEBUG:colcon.colcon_core.event_reactor:joining thread
[1.126s] INFO:colcon.colcon_core.plugin_system:Skipping extension 'colcon_notification.desktop_notification.notify2': 'notify2' not found
[1.126s] INFO:colcon.colcon_core.plugin_system:Skipping extension 'colcon_notification.desktop_notification.notify_send': Could not find 'notify-send'
[1.126s] INFO:colcon.colcon_core.plugin_system:Skipping extension 'colcon_notification.desktop_notification.terminal_notifier': Not used on non-Darwin systems
[1.126s] INFO:colcon.colcon_core.plugin_system:Skipping extension 'colcon_notification.desktop_notification.win32': Not used on non-Windows systems
[1.126s] DEBUG:colcon.colcon_core.event_reactor:joined thread
[1.132s] INFO:colcon.colcon_core.shell:Creating prefix script '/home/HONG/PointCloudSegmentation_with_Nonpaveload/install/local_setup.ps1'
[1.133s] INFO:colcon.colcon_core.shell:Creating prefix util module '/home/HONG/PointCloudSegmentation_with_Nonpaveload/install/_local_setup_util_ps1.py'
[1.134s] INFO:colcon.colcon_core.shell:Creating prefix chain script '/home/HONG/PointCloudSegmentation_with_Nonpaveload/install/setup.ps1'
[1.140s] INFO:colcon.colcon_core.shell:Creating prefix script '/home/HONG/PointCloudSegmentation_with_Nonpaveload/install/local_setup.sh'
[1.140s] INFO:colcon.colcon_core.shell:Creating prefix util module '/home/HONG/PointCloudSegmentation_with_Nonpaveload/install/_local_setup_util_sh.py'
[1.140s] INFO:colcon.colcon_core.shell:Creating prefix chain script '/home/HONG/PointCloudSegmentation_with_Nonpaveload/install/setup.sh'
[1.144s] INFO:colcon.colcon_core.shell:Creating prefix script '/home/HONG/PointCloudSegmentation_with_Nonpaveload/install/local_setup.bash'
[1.144s] INFO:colcon.colcon_core.shell:Creating prefix chain script '/home/HONG/PointCloudSegmentation_with_Nonpaveload/install/setup.bash'
[1.148s] INFO:colcon.colcon_core.shell:Creating prefix script '/home/HONG/PointCloudSegmentation_with_Nonpaveload/install/local_setup.zsh'
[1.149s] INFO:colcon.colcon_core.shell:Creating prefix chain script '/home/HONG/PointCloudSegmentation_with_Nonpaveload/install/setup.zsh'
