[0.258s] Invoking command in '/home/HONG/PointCloudSegmentation_with_Nonpaveload/inference': CONDA_PROMPT_MODIFIER=(base) PYTHONPATH=/home/HONG/PointCloudSegmentation_with_Nonpaveload/install/inference/lib/python3.8/site-packages:${PYTHONPATH} /root/anaconda3/bin/python setup.py egg_info --egg-base ../build/inference build --build-base /home/HONG/PointCloudSegmentation_with_Nonpaveload/build/inference/build install --prefix /home/HONG/PointCloudSegmentation_with_Nonpaveload/install/inference --record /home/HONG/PointCloudSegmentation_with_Nonpaveload/build/inference/install.log --single-version-externally-managed
[0.454s] /root/anaconda3/lib/python3.8/site-packages/setuptools/dist.py:697: UserWarning: Usage of dash-separated 'script-dir' will not be supported in future versions. Please use the underscore name 'script_dir' instead
[0.454s]   warnings.warn(
[0.454s] /root/anaconda3/lib/python3.8/site-packages/setuptools/dist.py:697: UserWarning: Usage of dash-separated 'install-scripts' will not be supported in future versions. Please use the underscore name 'install_scripts' instead
[0.454s]   warnings.warn(
[0.468s] running egg_info
[0.468s] creating ../build/inference/inference.egg-info
[0.469s] writing ../build/inference/inference.egg-info/PKG-INFO
[0.469s] writing dependency_links to ../build/inference/inference.egg-info/dependency_links.txt
[0.469s] writing entry points to ../build/inference/inference.egg-info/entry_points.txt
[0.469s] writing requirements to ../build/inference/inference.egg-info/requires.txt
[0.469s] writing top-level names to ../build/inference/inference.egg-info/top_level.txt
[0.469s] writing manifest file '../build/inference/inference.egg-info/SOURCES.txt'
[0.482s] reading manifest file '../build/inference/inference.egg-info/SOURCES.txt'
[0.483s] writing manifest file '../build/inference/inference.egg-info/SOURCES.txt'
[0.483s] running build
[0.483s] running build_py
[0.483s] creating /home/HONG/PointCloudSegmentation_with_Nonpaveload/build/inference/build
[0.484s] creating /home/HONG/PointCloudSegmentation_with_Nonpaveload/build/inference/build/lib
[0.484s] creating /home/HONG/PointCloudSegmentation_with_Nonpaveload/build/inference/build/lib/inference
[0.484s] copying inference/__init__.py -> /home/HONG/PointCloudSegmentation_with_Nonpaveload/build/inference/build/lib/inference
[0.484s] copying inference/config.py -> /home/HONG/PointCloudSegmentation_with_Nonpaveload/build/inference/build/lib/inference
[0.484s] copying inference/KNN.py -> /home/HONG/PointCloudSegmentation_with_Nonpaveload/build/inference/build/lib/inference
[0.484s] copying inference/pytorch_util.py -> /home/HONG/PointCloudSegmentation_with_Nonpaveload/build/inference/build/lib/inference
[0.484s] copying inference/inference.py -> /home/HONG/PointCloudSegmentation_with_Nonpaveload/build/inference/build/lib/inference
[0.484s] copying inference/SalsaNext.py -> /home/HONG/PointCloudSegmentation_with_Nonpaveload/build/inference/build/lib/inference
[0.484s] copying inference/data_parser.py -> /home/HONG/PointCloudSegmentation_with_Nonpaveload/build/inference/build/lib/inference
[0.485s] running install
[0.485s] running install_lib
[0.485s] creating /home/HONG/PointCloudSegmentation_with_Nonpaveload/install/inference/lib/python3.8/site-packages/inference
[0.485s] copying /home/HONG/PointCloudSegmentation_with_Nonpaveload/build/inference/build/lib/inference/__init__.py -> /home/HONG/PointCloudSegmentation_with_Nonpaveload/install/inference/lib/python3.8/site-packages/inference
[0.486s] copying /home/HONG/PointCloudSegmentation_with_Nonpaveload/build/inference/build/lib/inference/config.py -> /home/HONG/PointCloudSegmentation_with_Nonpaveload/install/inference/lib/python3.8/site-packages/inference
[0.486s] copying /home/HONG/PointCloudSegmentation_with_Nonpaveload/build/inference/build/lib/inference/KNN.py -> /home/HONG/PointCloudSegmentation_with_Nonpaveload/install/inference/lib/python3.8/site-packages/inference
[0.486s] copying /home/HONG/PointCloudSegmentation_with_Nonpaveload/build/inference/build/lib/inference/pytorch_util.py -> /home/HONG/PointCloudSegmentation_with_Nonpaveload/install/inference/lib/python3.8/site-packages/inference
[0.486s] copying /home/HONG/PointCloudSegmentation_with_Nonpaveload/build/inference/build/lib/inference/inference.py -> /home/HONG/PointCloudSegmentation_with_Nonpaveload/install/inference/lib/python3.8/site-packages/inference
[0.486s] copying /home/HONG/PointCloudSegmentation_with_Nonpaveload/build/inference/build/lib/inference/SalsaNext.py -> /home/HONG/PointCloudSegmentation_with_Nonpaveload/install/inference/lib/python3.8/site-packages/inference
[0.486s] copying /home/HONG/PointCloudSegmentation_with_Nonpaveload/build/inference/build/lib/inference/data_parser.py -> /home/HONG/PointCloudSegmentation_with_Nonpaveload/install/inference/lib/python3.8/site-packages/inference
[0.486s] byte-compiling /home/HONG/PointCloudSegmentation_with_Nonpaveload/install/inference/lib/python3.8/site-packages/inference/__init__.py to __init__.cpython-38.pyc
[0.486s] byte-compiling /home/HONG/PointCloudSegmentation_with_Nonpaveload/install/inference/lib/python3.8/site-packages/inference/config.py to config.cpython-38.pyc
[0.487s] byte-compiling /home/HONG/PointCloudSegmentation_with_Nonpaveload/install/inference/lib/python3.8/site-packages/inference/KNN.py to KNN.cpython-38.pyc
[0.487s] byte-compiling /home/HONG/PointCloudSegmentation_with_Nonpaveload/install/inference/lib/python3.8/site-packages/inference/pytorch_util.py to pytorch_util.cpython-38.pyc
[0.488s] byte-compiling /home/HONG/PointCloudSegmentation_with_Nonpaveload/install/inference/lib/python3.8/site-packages/inference/inference.py to inference.cpython-38.pyc
[0.489s] byte-compiling /home/HONG/PointCloudSegmentation_with_Nonpaveload/install/inference/lib/python3.8/site-packages/inference/SalsaNext.py to SalsaNext.cpython-38.pyc
[0.490s] byte-compiling /home/HONG/PointCloudSegmentation_with_Nonpaveload/install/inference/lib/python3.8/site-packages/inference/data_parser.py to data_parser.cpython-38.pyc
[0.491s] running install_data
[0.492s] creating /home/HONG/PointCloudSegmentation_with_Nonpaveload/install/inference/share/ament_index
[0.492s] creating /home/HONG/PointCloudSegmentation_with_Nonpaveload/install/inference/share/ament_index/resource_index
[0.492s] creating /home/HONG/PointCloudSegmentation_with_Nonpaveload/install/inference/share/ament_index/resource_index/packages
[0.492s] copying resource/inference -> /home/HONG/PointCloudSegmentation_with_Nonpaveload/install/inference/share/ament_index/resource_index/packages
[0.492s] copying package.xml -> /home/HONG/PointCloudSegmentation_with_Nonpaveload/install/inference/share/inference
[0.492s] running install_egg_info
[0.493s] Copying ../build/inference/inference.egg-info to /home/HONG/PointCloudSegmentation_with_Nonpaveload/install/inference/lib/python3.8/site-packages/inference-0.0.0-py3.8.egg-info
[0.494s] running install_scripts
[0.509s] Installing inference script to /home/HONG/PointCloudSegmentation_with_Nonpaveload/install/inference/lib/inference
[0.510s] writing list of installed files to '/home/HONG/PointCloudSegmentation_with_Nonpaveload/build/inference/install.log'
[0.526s] Invoked command in '/home/HONG/PointCloudSegmentation_with_Nonpaveload/inference' returned '0': CONDA_PROMPT_MODIFIER=(base) PYTHONPATH=/home/HONG/PointCloudSegmentation_with_Nonpaveload/install/inference/lib/python3.8/site-packages:${PYTHONPATH} /root/anaconda3/bin/python setup.py egg_info --egg-base ../build/inference build --build-base /home/HONG/PointCloudSegmentation_with_Nonpaveload/build/inference/build install --prefix /home/HONG/PointCloudSegmentation_with_Nonpaveload/install/inference --record /home/HONG/PointCloudSegmentation_with_Nonpaveload/build/inference/install.log --single-version-externally-managed
